<?xml version="1.0" encoding="UTF-8"?>
<!-- Generated by org.testng.reporters.JUnitReportReporter -->
<testsuite hostname="DESKTOP-G009PM7" failures="0" tests="1" name="day_35.Class1" time="0.013" errors="0" timestamp="2023-11-18T13:20:12 IST" skipped="0">
  <testcase classname="day_35.Class1" name="abc" time="0.013"/>
</testsuite> <!-- day_35.Class1 -->
