<?xml version="1.0" encoding="UTF-8"?>
<!-- Generated by org.testng.reporters.JUnitReportReporter -->
<testsuite hostname="DESKTOP-G009PM7" failures="0" tests="3" name="day_34.SecondTest" time="56.884" errors="0" timestamp="2023-11-16T19:14:58 IST" skipped="0">
  <testcase classname="day_34.SecondTest" name="Openapp" time="52.063"/>
  <testcase classname="day_34.SecondTest" name="Login" time="3.308"/>
  <testcase classname="day_34.SecondTest" name="Closeapp" time="1.513"/>
</testsuite> <!-- day_34.SecondTest -->
