<?xml version="1.0" encoding="UTF-8"?>
<!-- Generated by org.testng.reporters.JUnitReportReporter -->
<testsuite hostname="DESKTOP-G009PM7" failures="0" tests="3" name="day_34.FirstTest" time="0.023" errors="0" timestamp="2023-11-16T17:22:28 IST" skipped="0">
  <testcase classname="day_34.FirstTest" name="Test3" time="0.006"/>
  <testcase classname="day_34.FirstTest" name="Test1" time="0.015"/>
  <testcase classname="day_34.FirstTest" name="Test2" time="0.002"/>
</testsuite> <!-- day_34.FirstTest -->
