<?xml version="1.0" encoding="UTF-8"?>
<!-- Generated by org.testng.reporters.JUnitReportReporter -->
<testsuite hostname="DESKTOP-G009PM7" failures="0" tests="2" name="day_35.All_Annotations" time="0.030" errors="0" timestamp="2023-11-18T15:23:32 IST" skipped="0">
  <testcase classname="day_35.All_Annotations" name="tm1" time="0.018"/>
  <testcase classname="day_35.All_Annotations" name="tm2" time="0.012"/>
</testsuite> <!-- day_35.All_Annotations -->
