<?xml version="1.0" encoding="UTF-8"?>
<!-- Generated by org.testng.reporters.JUnitReportReporter -->
<testsuite hostname="DESKTOP-G009PM7" failures="0" tests="2" name="day_35.Annotationdemo_1" time="0.038" errors="0" timestamp="2023-11-16T22:04:48 IST" skipped="0">
  <testcase classname="day_35.Annotationdemo_1" name="search" time="0.031"/>
  <testcase classname="day_35.Annotationdemo_1" name="Advancedsearch" time="0.007"/>
</testsuite> <!-- day_35.Annotationdemo_1 -->
