<?xml version="1.0" encoding="UTF-8"?>
<!-- Generated by org.testng.reporters.JUnitReportReporter -->
<testsuite hostname="DESKTOP-G009PM7" failures="0" tests="3" name="day_36.Grouping" time="0.024" errors="0" timestamp="2023-12-04T12:14:12 IST" skipped="0">
  <testcase classname="day_36.Grouping" name="loginbyfacebook" time="0.016"/>
  <testcase classname="day_36.Grouping" name="loginbytwitter" time="0.002"/>
  <testcase classname="day_36.Grouping" name="paymentindollars" time="0.006"/>
</testsuite> <!-- day_36.Grouping -->
