<?xml version="1.0" encoding="UTF-8"?>
<!-- Generated by org.testng.reporters.JUnitReportReporter -->
<testsuite hostname="DESKTOP-G009PM7" failures="0" tests="3" name="day_34.ThirdTest" time="0.008" errors="0" timestamp="2023-11-16T19:14:58 IST" skipped="0">
  <testcase classname="day_34.ThirdTest" name="Test1" time="0.004"/>
  <testcase classname="day_34.ThirdTest" name="Test2" time="0.002"/>
  <testcase classname="day_34.ThirdTest" name="Test3" time="0.002"/>
</testsuite> <!-- day_34.ThirdTest -->
