<?xml version="1.0" encoding="UTF-8"?>
<!-- Generated by org.testng.reporters.JUnitReportReporter -->
<testsuite hostname="DESKTOP-G009PM7" failures="0" tests="2" name="day_35.Annotationdemo_2" time="0.013" errors="0" timestamp="2023-11-16T22:05:29 IST" skipped="0">
  <testcase classname="day_35.Annotationdemo_2" name="search" time="0.009"/>
  <testcase classname="day_35.Annotationdemo_2" name="Advancedsearch" time="0.004"/>
</testsuite> <!-- day_35.Annotationdemo_2 -->
