<?xml version="1.0" encoding="UTF-8"?>
<!-- Generated by org.testng.reporters.JUnitReportReporter -->
<testsuite hostname="DESKTOP-G009PM7" failures="0" tests="2" name="day_35.Annotationdemo_3" time="0.022" errors="0" timestamp="2023-11-18T12:43:39 IST" skipped="0">
  <testcase classname="day_35.Annotationdemo_3" name="search" time="0.005"/>
  <testcase classname="day_35.Annotationdemo_3" name="Advancesearch" time="0.017"/>
</testsuite> <!-- day_35.Annotationdemo_3 -->
