<?xml version="1.0" encoding="UTF-8"?>
<!-- Generated by org.testng.reporters.JUnitReportReporter -->
<testsuite hostname="DESKTOP-G009PM7" failures="0" tests="1" name="day_35.Class3" time="0.013" errors="0" timestamp="2023-11-18T14:56:40 IST" skipped="0">
  <testcase classname="day_35.Class3" name="login" time="0.013"/>
</testsuite> <!-- day_35.Class3 -->
